[0.012s] Invoking command in '/home/feniks/my_ws/6sem/mobile_robots/dev_ws/src/my_bot/build/my_bot': CMAKE_PREFIX_PATH=/opt/ros/humble /usr/bin/cmake /home/feniks/my_ws/6sem/mobile_robots/dev_ws/src/my_bot -DAMENT_CMAKE_SYMLINK_INSTALL=1 -DCMAKE_INSTALL_PREFIX=/home/feniks/my_ws/6sem/mobile_robots/dev_ws/src/my_bot/install/my_bot
[0.140s] -- The C compiler identification is GNU 11.4.0
[0.257s] -- The CXX compiler identification is GNU 11.4.0
[0.265s] -- Detecting C compiler ABI info
[0.327s] -- Detecting C compiler ABI info - done
[0.332s] -- Check for working C compiler: /usr/bin/cc - skipped
[0.332s] -- Detecting C compile features
[0.333s] -- Detecting C compile features - done
[0.335s] -- Detecting CXX compiler ABI info
[0.408s] -- Detecting CXX compiler ABI info - done
[0.415s] -- Check for working CXX compiler: /usr/bin/c++ - skipped
[0.415s] -- Detecting CXX compile features
[0.415s] -- Detecting CXX compile features - done
[0.419s] -- Found ament_cmake: 1.3.4 (/opt/ros/humble/share/ament_cmake/cmake)
[0.558s] -- Found Python3: /usr/bin/python3.10 (found version "3.10.12") found components: Interpreter 
[0.608s] -- Override CMake install command with custom implementation using symlinks instead of copying resources
[0.635s] -- Found ament_lint_auto: 0.12.6 (/opt/ros/humble/share/ament_lint_auto/cmake)
[0.699s] -- Added test 'copyright' to check source files copyright and LICENSE
[0.710s] -- Added test 'cppcheck' to perform static code analysis on C / C++ code
[0.711s] -- Configured cppcheck include dirs: 
[0.711s] -- Configured cppcheck exclude dirs and/or files: 
[0.721s] -- Added test 'cpplint' to check C / C++ code against the Google style
[0.721s] -- Configured cpplint exclude dirs and/or files: 
[0.723s] -- Added test 'flake8' to check Python code syntax and style conventions
[0.725s] -- Added test 'lint_cmake' to check CMake code style
[0.727s] -- Added test 'pep257' to check Python code against some of the docstring style conventions in PEP 257
[0.736s] -- Added test 'uncrustify' to check C / C++ code style
[0.737s] -- Configured uncrustify additional arguments: 
[0.738s] -- Added test 'xmllint' to check XML markup files
[0.740s] -- Configuring done
[0.742s] -- Generating done
[0.743s] -- Build files have been written to: /home/feniks/my_ws/6sem/mobile_robots/dev_ws/src/my_bot/build/my_bot
[0.747s] Invoked command in '/home/feniks/my_ws/6sem/mobile_robots/dev_ws/src/my_bot/build/my_bot' returned '0': CMAKE_PREFIX_PATH=/opt/ros/humble /usr/bin/cmake /home/feniks/my_ws/6sem/mobile_robots/dev_ws/src/my_bot -DAMENT_CMAKE_SYMLINK_INSTALL=1 -DCMAKE_INSTALL_PREFIX=/home/feniks/my_ws/6sem/mobile_robots/dev_ws/src/my_bot/install/my_bot
[0.748s] Invoking command in '/home/feniks/my_ws/6sem/mobile_robots/dev_ws/src/my_bot/build/my_bot': CMAKE_PREFIX_PATH=/opt/ros/humble /usr/bin/cmake --build /home/feniks/my_ws/6sem/mobile_robots/dev_ws/src/my_bot/build/my_bot -- -j8 -l8
[0.775s] Invoked command in '/home/feniks/my_ws/6sem/mobile_robots/dev_ws/src/my_bot/build/my_bot' returned '0': CMAKE_PREFIX_PATH=/opt/ros/humble /usr/bin/cmake --build /home/feniks/my_ws/6sem/mobile_robots/dev_ws/src/my_bot/build/my_bot -- -j8 -l8
[0.806s] Invoking command in '/home/feniks/my_ws/6sem/mobile_robots/dev_ws/src/my_bot/build/my_bot': CMAKE_PREFIX_PATH=/opt/ros/humble /usr/bin/cmake --install /home/feniks/my_ws/6sem/mobile_robots/dev_ws/src/my_bot/build/my_bot
[0.812s] -- Install configuration: ""
[0.813s] -- Execute custom install script
[0.813s] -- Symlinking: /home/feniks/my_ws/6sem/mobile_robots/dev_ws/src/my_bot/install/my_bot/share/my_bot/config/drive_bot.rviz
[0.820s] -- Symlinking: /home/feniks/my_ws/6sem/mobile_robots/dev_ws/src/my_bot/install/my_bot/share/my_bot/config/empty.yaml
[0.827s] -- Symlinking: /home/feniks/my_ws/6sem/mobile_robots/dev_ws/src/my_bot/install/my_bot/share/my_bot/config/my_controllers.yaml
[0.833s] -- Symlinking: /home/feniks/my_ws/6sem/mobile_robots/dev_ws/src/my_bot/install/my_bot/share/my_bot/config/view_bot.rviz
[0.841s] -- Symlinking: /home/feniks/my_ws/6sem/mobile_robots/dev_ws/src/my_bot/install/my_bot/share/my_bot/description/camera.xacro
[0.847s] -- Symlinking: /home/feniks/my_ws/6sem/mobile_robots/dev_ws/src/my_bot/install/my_bot/share/my_bot/description/depth_camera.xacro
[0.853s] -- Symlinking: /home/feniks/my_ws/6sem/mobile_robots/dev_ws/src/my_bot/install/my_bot/share/my_bot/description/gazebo_control.xacro
[0.860s] -- Symlinking: /home/feniks/my_ws/6sem/mobile_robots/dev_ws/src/my_bot/install/my_bot/share/my_bot/description/inertial_macros.xacro
[0.866s] -- Symlinking: /home/feniks/my_ws/6sem/mobile_robots/dev_ws/src/my_bot/install/my_bot/share/my_bot/description/lidar.xacro
[0.873s] -- Symlinking: /home/feniks/my_ws/6sem/mobile_robots/dev_ws/src/my_bot/install/my_bot/share/my_bot/description/robot.urdf.xacro
[0.879s] -- Symlinking: /home/feniks/my_ws/6sem/mobile_robots/dev_ws/src/my_bot/install/my_bot/share/my_bot/description/robot_core.xacro
[0.885s] -- Symlinking: /home/feniks/my_ws/6sem/mobile_robots/dev_ws/src/my_bot/install/my_bot/share/my_bot/description/ros2_control.xacro
[0.892s] -- Symlinking: /home/feniks/my_ws/6sem/mobile_robots/dev_ws/src/my_bot/install/my_bot/share/my_bot/launch/launch_sim.launch.py
[0.898s] -- Symlinking: /home/feniks/my_ws/6sem/mobile_robots/dev_ws/src/my_bot/install/my_bot/share/my_bot/launch/rsp.launch.py
[0.904s] -- Symlinking: /home/feniks/my_ws/6sem/mobile_robots/dev_ws/src/my_bot/install/my_bot/share/my_bot/worlds/cones.world
[0.911s] -- Symlinking: /home/feniks/my_ws/6sem/mobile_robots/dev_ws/src/my_bot/install/my_bot/share/my_bot/worlds/empty.world
[0.919s] -- Symlinking: /home/feniks/my_ws/6sem/mobile_robots/dev_ws/src/my_bot/install/my_bot/share/ament_index/resource_index/package_run_dependencies/my_bot
[0.926s] -- Symlinking: /home/feniks/my_ws/6sem/mobile_robots/dev_ws/src/my_bot/install/my_bot/share/ament_index/resource_index/parent_prefix_path/my_bot
[0.933s] -- Symlinking: /home/feniks/my_ws/6sem/mobile_robots/dev_ws/src/my_bot/install/my_bot/share/my_bot/environment/ament_prefix_path.sh
[0.940s] -- Symlinking: /home/feniks/my_ws/6sem/mobile_robots/dev_ws/src/my_bot/install/my_bot/share/my_bot/environment/ament_prefix_path.dsv
[0.946s] -- Symlinking: /home/feniks/my_ws/6sem/mobile_robots/dev_ws/src/my_bot/install/my_bot/share/my_bot/environment/path.sh
[0.953s] -- Symlinking: /home/feniks/my_ws/6sem/mobile_robots/dev_ws/src/my_bot/install/my_bot/share/my_bot/environment/path.dsv
[0.959s] -- Symlinking: /home/feniks/my_ws/6sem/mobile_robots/dev_ws/src/my_bot/install/my_bot/share/my_bot/local_setup.bash
[0.965s] -- Symlinking: /home/feniks/my_ws/6sem/mobile_robots/dev_ws/src/my_bot/install/my_bot/share/my_bot/local_setup.sh
[0.972s] -- Symlinking: /home/feniks/my_ws/6sem/mobile_robots/dev_ws/src/my_bot/install/my_bot/share/my_bot/local_setup.zsh
[0.978s] -- Symlinking: /home/feniks/my_ws/6sem/mobile_robots/dev_ws/src/my_bot/install/my_bot/share/my_bot/local_setup.dsv
[0.985s] -- Symlinking: /home/feniks/my_ws/6sem/mobile_robots/dev_ws/src/my_bot/install/my_bot/share/my_bot/package.dsv
[0.991s] -- Symlinking: /home/feniks/my_ws/6sem/mobile_robots/dev_ws/src/my_bot/install/my_bot/share/ament_index/resource_index/packages/my_bot
[0.998s] -- Symlinking: /home/feniks/my_ws/6sem/mobile_robots/dev_ws/src/my_bot/install/my_bot/share/my_bot/cmake/my_botConfig.cmake
[1.004s] -- Symlinking: /home/feniks/my_ws/6sem/mobile_robots/dev_ws/src/my_bot/install/my_bot/share/my_bot/cmake/my_botConfig-version.cmake
[1.012s] -- Symlinking: /home/feniks/my_ws/6sem/mobile_robots/dev_ws/src/my_bot/install/my_bot/share/my_bot/package.xml
[1.022s] Invoked command in '/home/feniks/my_ws/6sem/mobile_robots/dev_ws/src/my_bot/build/my_bot' returned '0': CMAKE_PREFIX_PATH=/opt/ros/humble /usr/bin/cmake --install /home/feniks/my_ws/6sem/mobile_robots/dev_ws/src/my_bot/build/my_bot
